<?xml version="1.0" encoding="UTF-8"?>
<!-- Generated by org.testng.reporters.JUnitReportReporter -->
<testsuite hostname="LIN51012704" failures="0" tests="6" name="api.test.DDTests" time="14.594" errors="0" timestamp="2024-03-18T15:25:31 IST" skipped="0">
  <testcase classname="api.test.DDTests" name="testpostuser" time="4.800"/>
  <system-out/>
  <testcase classname="api.test.DDTests" name="testpostuser" time="1.858"/>
  <system-out/>
  <testcase classname="api.test.DDTests" name="testpostuser" time="1.824"/>
  <system-out/>
  <testcase classname="api.test.DDTests" name="deleteuser" time="1.750"/>
  <system-out/>
  <testcase classname="api.test.DDTests" name="deleteuser" time="2.564"/>
  <system-out/>
  <testcase classname="api.test.DDTests" name="deleteuser" time="1.798"/>
  <system-out/>
</testsuite> <!-- api.test.DDTests -->
