<?xml version="1.0" encoding="UTF-8"?>
<!-- Generated by org.testng.reporters.JUnitReportReporter -->
<testsuite hostname="LIN51012704" failures="0" tests="9" name="api.test.DDTests" time="18.228" errors="0" timestamp="2024-08-26T12:21:54 IST" skipped="0">
  <testcase classname="api.test.DDTests" name="testpostuser" time="1.593"/>
  <system-out/>
  <testcase classname="api.test.DDTests" name="testpostuser" time="5.621"/>
  <system-out/>
  <testcase classname="api.test.DDTests" name="testpostuser" time="1.600"/>
  <system-out/>
  <testcase classname="api.test.DDTests" name="get2user" time="1.597"/>
  <system-out/>
  <testcase classname="api.test.DDTests" name="get2user" time="1.594"/>
  <system-out/>
  <testcase classname="api.test.DDTests" name="get2user" time="1.658"/>
  <system-out/>
  <testcase classname="api.test.DDTests" name="deleteuser" time="1.508"/>
  <system-out/>
  <testcase classname="api.test.DDTests" name="deleteuser" time="1.465"/>
  <system-out/>
  <testcase classname="api.test.DDTests" name="deleteuser" time="1.592"/>
  <system-out/>
</testsuite> <!-- api.test.DDTests -->
