<?xml version="1.0" encoding="UTF-8"?>
<!-- Generated by org.testng.reporters.JUnitReportReporter -->
<testsuite hostname="LIN51012704" failures="0" tests="4" name="api.test.Usertest" time="10.712" errors="0" timestamp="2024-03-18T15:18:17 IST" skipped="0">
  <testcase classname="api.test.Usertest" name="testCreateuser" time="4.465"/>
  <system-out/>
  <testcase classname="api.test.Usertest" name="testreaduser" time="2.102"/>
  <system-out/>
  <testcase classname="api.test.Usertest" name="testupdateuser" time="1.905"/>
  <system-out/>
  <testcase classname="api.test.Usertest" name="testdeleteuser" time="2.240"/>
  <system-out/>
</testsuite> <!-- api.test.Usertest -->
