<?xml version="1.0" encoding="UTF-8"?>
<!-- Generated by org.testng.reporters.JUnitReportReporter -->
<testsuite hostname="LIN51012704" failures="0" tests="4" name="api.test.Usertest2" time="10.288" errors="0" timestamp="2024-03-18T15:19:41 IST" skipped="0">
  <testcase classname="api.test.Usertest2" name="testCreateuser" time="4.582"/>
  <system-out/>
  <testcase classname="api.test.Usertest2" name="testreaduser" time="1.834"/>
  <system-out/>
  <testcase classname="api.test.Usertest2" name="testupdateuser" time="2.081"/>
  <system-out/>
  <testcase classname="api.test.Usertest2" name="testdeleteuser" time="1.791"/>
  <system-out/>
</testsuite> <!-- api.test.Usertest2 -->
