<?xml version="1.0" encoding="UTF-8"?>
<!-- Generated by org.testng.reporters.JUnitReportReporter -->
<testsuite hostname="LIN51012704" failures="0" tests="4" name="api.test.Usertest3" time="10.065" errors="0" timestamp="2024-03-19T09:11:14 IST" skipped="0">
  <testcase classname="api.test.Usertest3" name="testCreateuser" time="3.988"/>
  <system-out/>
  <testcase classname="api.test.Usertest3" name="testreaduser" time="1.933"/>
  <system-out/>
  <testcase classname="api.test.Usertest3" name="testupdateuser" time="1.978"/>
  <system-out/>
  <testcase classname="api.test.Usertest3" name="testdeleteuser" time="2.166"/>
  <system-out/>
</testsuite> <!-- api.test.Usertest3 -->
