<?xml version="1.0" encoding="UTF-8"?>
<!-- Generated by org.testng.reporters.JUnitReportReporter -->
<testsuite hostname="LIN51012704" failures="0" tests="4" name="api.test.Usertest" time="9.783" errors="0" timestamp="2024-08-26T12:16:24 IST" skipped="0">
  <testcase classname="api.test.Usertest" name="testCreateuser" time="4.990"/>
  <system-out/>
  <testcase classname="api.test.Usertest" name="testreaduser" time="1.603"/>
  <system-out/>
  <testcase classname="api.test.Usertest" name="testupdateuser" time="1.600"/>
  <system-out/>
  <testcase classname="api.test.Usertest" name="testdeleteuser" time="1.590"/>
  <system-out/>
</testsuite> <!-- api.test.Usertest -->
