<?xml version="1.0" encoding="UTF-8"?>
<!-- Generated by org.testng.reporters.JUnitReportReporter -->
<testsuite hostname="LIN51012704" failures="0" tests="9" name="api.test.DDTests" time="18.086" errors="0" timestamp="2024-08-26T12:31:33 IST" skipped="0">
  <testcase classname="api.test.DDTests" name="testpostuser" time="1.628"/>
  <system-out/>
  <testcase classname="api.test.DDTests" name="testpostuser" time="5.658"/>
  <system-out/>
  <testcase classname="api.test.DDTests" name="testpostuser" time="1.586"/>
  <system-out/>
  <testcase classname="api.test.DDTests" name="get2user" time="1.715"/>
  <system-out/>
  <testcase classname="api.test.DDTests" name="get2user" time="1.484"/>
  <system-out/>
  <testcase classname="api.test.DDTests" name="get2user" time="1.601"/>
  <system-out/>
  <testcase classname="api.test.DDTests" name="deleteuser" time="1.555"/>
  <system-out/>
  <testcase classname="api.test.DDTests" name="deleteuser" time="1.462"/>
  <system-out/>
  <testcase classname="api.test.DDTests" name="deleteuser" time="1.397"/>
  <system-out/>
</testsuite> <!-- api.test.DDTests -->
