<?xml version="1.0" encoding="UTF-8"?>
<!-- Generated by org.testng.reporters.JUnitReportReporter -->
<testsuite hostname="LIN51012704" failures="0" tests="4" name="api.test.Usertest3" time="16.069" errors="0" timestamp="2024-03-20T20:00:58 IST" skipped="0">
  <testcase classname="api.test.Usertest3" name="testCreateuser" time="5.921"/>
  <system-out/>
  <testcase classname="api.test.Usertest3" name="testreaduser" time="2.960"/>
  <system-out/>
  <testcase classname="api.test.Usertest3" name="testupdateuser" time="2.665"/>
  <system-out/>
  <testcase classname="api.test.Usertest3" name="testdeleteuser" time="4.523"/>
  <system-out/>
</testsuite> <!-- api.test.Usertest3 -->
