<?xml version="1.0" encoding="UTF-8"?>
<!-- Generated by org.testng.reporters.JUnitReportReporter -->
<testsuite hostname="LIN51012704" failures="0" tests="4" name="api.test.Usertest3" time="11.332" errors="0" timestamp="2024-03-19T21:58:11 IST" skipped="0">
  <testcase classname="api.test.Usertest3" name="testCreateuser" time="4.311"/>
  <system-out/>
  <testcase classname="api.test.Usertest3" name="testreaduser" time="2.133"/>
  <system-out/>
  <testcase classname="api.test.Usertest3" name="testupdateuser" time="1.722"/>
  <system-out/>
  <testcase classname="api.test.Usertest3" name="testdeleteuser" time="3.166"/>
  <system-out/>
</testsuite> <!-- api.test.Usertest3 -->
